# JRE version: Java(TM) SE Runtime Environment (8.0_211-b12) (build 1.8.0_211-b12)
# Java VM: Java HotSpot(TM) 64-Bit Server VM (25.211-b12 mixed mode windows-amd64 compressed oops)
Heap:
 PSYoungGen      total 71680K, used 24343K [0x00000000d5f00000, 0x00000000de780000, 0x0000000100000000)
  eden space 66560K, 31% used [0x00000000d5f00000,0x00000000d73615a8,0x00000000da000000)
  from space 5120K, 67% used [0x00000000da000000,0x00000000da364658,0x00000000da500000)
  to   space 9216K, 0% used [0x00000000dde80000,0x00000000dde80000,0x00000000de780000)
 ParOldGen       total 48640K, used 6950K [0x0000000081c00000, 0x0000000084b80000, 0x00000000d5f00000)
  object space 48640K, 14% used [0x0000000081c00000,0x00000000822c9bc0,0x0000000084b80000)
 Metaspace       used 23651K, capacity 24552K, committed 24832K, reserved 1071104K
  class space    used 3047K, capacity 3258K, committed 3328K, reserved 1048576K
GC Heap History (10 events):
Event: 11.006 GC heap before
{Heap before GC invocations=2 (full 0):
 PSYoungGen      total 38400K, used 37892K [0x00000000d5f00000, 0x00000000d8980000, 0x0000000100000000)
  eden space 33280K, 100% used [0x00000000d5f00000,0x00000000d7f80000,0x00000000d7f80000)
  from space 5120K, 90% used [0x00000000d7f80000,0x00000000d8401320,0x00000000d8480000)
  to   space 5120K, 0% used [0x00000000d8480000,0x00000000d8480000,0x00000000d8980000)
 ParOldGen       total 87552K, used 8K [0x0000000081c00000, 0x0000000087180000, 0x00000000d5f00000)
  object space 87552K, 0% used [0x0000000081c00000,0x0000000081c02000,0x0000000087180000)
 Metaspace       used 13092K, capacity 13478K, committed 13696K, reserved 1060864K
  class space    used 1691K, capacity 1823K, committed 1920K, reserved 1048576K
Event: 11.024 GC heap after
Heap after GC invocations=2 (full 0):
 PSYoungGen      total 38400K, used 5098K [0x00000000d5f00000, 0x00000000daa00000, 0x0000000100000000)
  eden space 33280K, 0% used [0x00000000d5f00000,0x00000000d5f00000,0x00000000d7f80000)
  from space 5120K, 99% used [0x00000000d8480000,0x00000000d897a858,0x00000000d8980000)
  to   space 5120K, 0% used [0x00000000d7f80000,0x00000000d7f80000,0x00000000d8480000)
 ParOldGen       total 87552K, used 282K [0x0000000081c00000, 0x0000000087180000, 0x00000000d5f00000)
  object space 87552K, 0% used [0x0000000081c00000,0x0000000081c46ac8,0x0000000087180000)
 Metaspace       used 13092K, capacity 13478K, committed 13696K, reserved 1060864K
  class space    used 1691K, capacity 1823K, committed 1920K, reserved 1048576K
}
Event: 11.969 GC heap before
{Heap before GC invocations=3 (full 0):
 PSYoungGen      total 38400K, used 38378K [0x00000000d5f00000, 0x00000000daa00000, 0x0000000100000000)
  eden space 33280K, 100% used [0x00000000d5f00000,0x00000000d7f80000,0x00000000d7f80000)
  from space 5120K, 99% used [0x00000000d8480000,0x00000000d897a858,0x00000000d8980000)
  to   space 5120K, 0% used [0x00000000d7f80000,0x00000000d7f80000,0x00000000d8480000)
 ParOldGen       total 87552K, used 282K [0x0000000081c00000, 0x0000000087180000, 0x00000000d5f00000)
  object space 87552K, 0% used [0x0000000081c00000,0x0000000081c46ac8,0x0000000087180000)
 Metaspace       used 17439K, capacity 17952K, committed 18048K, reserved 1064960K
  class space    used 2223K, capacity 2382K, committed 2432K, reserved 1048576K
Event: 11.988 GC heap after
Heap after GC invocations=3 (full 0):
 PSYoungGen      total 38400K, used 5089K [0x00000000d5f00000, 0x00000000daa00000, 0x0000000100000000)
  eden space 33280K, 0% used [0x00000000d5f00000,0x00000000d5f00000,0x00000000d7f80000)
  from space 5120K, 99% used [0x00000000d7f80000,0x00000000d8478630,0x00000000d8480000)
  to   space 5120K, 0% used [0x00000000da500000,0x00000000da500000,0x00000000daa00000)
 ParOldGen       total 87552K, used 2876K [0x0000000081c00000, 0x0000000087180000, 0x00000000d5f00000)
  object space 87552K, 3% used [0x0000000081c00000,0x0000000081ecf2c0,0x0000000087180000)
 Metaspace       used 17439K, capacity 17952K, committed 18048K, reserved 1064960K
  class space    used 2223K, capacity 2382K, committed 2432K, reserved 1048576K
}
Event: 12.651 GC heap before
{Heap before GC invocations=4 (full 0):
 PSYoungGen      total 38400K, used 28711K [0x00000000d5f00000, 0x00000000daa00000, 0x0000000100000000)
  eden space 33280K, 70% used [0x00000000d5f00000,0x00000000d7611928,0x00000000d7f80000)
  from space 5120K, 99% used [0x00000000d7f80000,0x00000000d8478630,0x00000000d8480000)
  to   space 5120K, 0% used [0x00000000da500000,0x00000000da500000,0x00000000daa00000)
 ParOldGen       total 87552K, used 2876K [0x0000000081c00000, 0x0000000087180000, 0x00000000d5f00000)
  object space 87552K, 3% used [0x0000000081c00000,0x0000000081ecf2c0,0x0000000087180000)
 Metaspace       used 20595K, capacity 21166K, committed 21296K, reserved 1067008K
  class space    used 2674K, capacity 2857K, committed 2944K, reserved 1048576K
Event: 12.696 GC heap after
Heap after GC invocations=4 (full 0):
 PSYoungGen      total 71680K, used 5093K [0x00000000d5f00000, 0x00000000daa00000, 0x0000000100000000)
  eden space 66560K, 0% used [0x00000000d5f00000,0x00000000d5f00000,0x00000000da000000)
  from space 5120K, 99% used [0x00000000da500000,0x00000000da9f97b8,0x00000000daa00000)
  to   space 5120K, 0% used [0x00000000da000000,0x00000000da000000,0x00000000da500000)
 ParOldGen       total 87552K, used 4980K [0x0000000081c00000, 0x0000000087180000, 0x00000000d5f00000)
  object space 87552K, 5% used [0x0000000081c00000,0x00000000820dd248,0x0000000087180000)
 Metaspace       used 20595K, capacity 21166K, committed 21296K, reserved 1067008K
  class space    used 2674K, capacity 2857K, committed 2944K, reserved 1048576K
}
Event: 12.696 GC heap before
{Heap before GC invocations=5 (full 1):
 PSYoungGen      total 71680K, used 5093K [0x00000000d5f00000, 0x00000000daa00000, 0x0000000100000000)
  eden space 66560K, 0% used [0x00000000d5f00000,0x00000000d5f00000,0x00000000da000000)
  from space 5120K, 99% used [0x00000000da500000,0x00000000da9f97b8,0x00000000daa00000)
  to   space 5120K, 0% used [0x00000000da000000,0x00000000da000000,0x00000000da500000)
 ParOldGen       total 87552K, used 4980K [0x0000000081c00000, 0x0000000087180000, 0x00000000d5f00000)
  object space 87552K, 5% used [0x0000000081c00000,0x00000000820dd248,0x0000000087180000)
 Metaspace       used 20595K, capacity 21166K, committed 21296K, reserved 1067008K
  class space    used 2674K, capacity 2857K, committed 2944K, reserved 1048576K
Event: 12.754 GC heap after
Heap after GC invocations=5 (full 1):
 PSYoungGen      total 71680K, used 0K [0x00000000d5f00000, 0x00000000daa00000, 0x0000000100000000)
  eden space 66560K, 0% used [0x00000000d5f00000,0x00000000d5f00000,0x00000000da000000)
  from space 5120K, 0% used [0x00000000da500000,0x00000000da500000,0x00000000daa00000)
  to   space 5120K, 0% used [0x00000000da000000,0x00000000da000000,0x00000000da500000)
 ParOldGen       total 48640K, used 6942K [0x0000000081c00000, 0x0000000084b80000, 0x00000000d5f00000)
  object space 48640K, 14% used [0x0000000081c00000,0x00000000822c7bc0,0x0000000084b80000)
 Metaspace       used 20592K, capacity 21158K, committed 21296K, reserved 1067008K
  class space    used 2673K, capacity 2855K, committed 2944K, reserved 1048576K
}
Event: 16.143 GC heap before
{Heap before GC invocations=6 (full 1):
 PSYoungGen      total 71680K, used 66560K [0x00000000d5f00000, 0x00000000daa00000, 0x0000000100000000)
  eden space 66560K, 100% used [0x00000000d5f00000,0x00000000da000000,0x00000000da000000)
  from space 5120K, 0% used [0x00000000da500000,0x00000000da500000,0x00000000daa00000)
  to   space 5120K, 0% used [0x00000000da000000,0x00000000da000000,0x00000000da500000)
 ParOldGen       total 48640K, used 6942K [0x0000000081c00000, 0x0000000084b80000, 0x00000000d5f00000)
  object space 48640K, 14% used [0x0000000081c00000,0x00000000822c7bc0,0x0000000084b80000)
 Metaspace       used 22385K, capacity 23180K, committed 23296K, reserved 1069056K
  class space    used 2880K, capacity 3066K, committed 3072K, reserved 1048576K
Event: 16.150 GC heap after
Heap after GC invocations=6 (full 1):
 PSYoungGen      total 71680K, used 3473K [0x00000000d5f00000, 0x00000000de780000, 0x0000000100000000)
  eden space 66560K, 0% used [0x00000000d5f00000,0x00000000d5f00000,0x00000000da000000)
  from space 5120K, 67% used [0x00000000da000000,0x00000000da364658,0x00000000da500000)
  to   space 9216K, 0% used [0x00000000dde80000,0x00000000dde80000,0x00000000de780000)
 ParOldGen       total 48640K, used 6950K [0x0000000081c00000, 0x0000000084b80000, 0x00000000d5f00000)
  object space 48640K, 14% used [0x0000000081c00000,0x00000000822c9bc0,0x0000000084b80000)
 Metaspace       used 22385K, capacity 23180K, committed 23296K, reserved 1069056K
  class space    used 2880K, capacity 3066K, committed 3072K, reserved 1048576K
}

