# JRE version: Java(TM) SE Runtime Environment (8.0_211-b12) (build 1.8.0_211-b12)
# Java VM: Java HotSpot(TM) 64-Bit Server VM (25.211-b12 mixed mode windows-amd64 compressed oops)
Heap:
 PSYoungGen      total 160768K, used 17456K [0x00000000d5f00000, 0x00000000e3180000, 0x0000000100000000)
  eden space 151040K, 11% used [0x00000000d5f00000,0x00000000d700c238,0x00000000df280000)
  from space 9728K, 0% used [0x00000000dfd00000,0x00000000dfd00000,0x00000000e0680000)
  to   space 10752K, 0% used [0x00000000df280000,0x00000000df280000,0x00000000dfd00000)
 ParOldGen       total 57856K, used 13322K [0x0000000081c00000, 0x0000000085480000, 0x00000000d5f00000)
  object space 57856K, 23% used [0x0000000081c00000,0x00000000829028b8,0x0000000085480000)
 Metaspace       used 35074K, capacity 36780K, committed 37032K, reserved 1081344K
  class space    used 4718K, capacity 5030K, committed 5040K, reserved 1048576K
GC Heap History (10 events):
Event: 2.010 GC heap before
{Heap before GC invocations=6 (full 1):
 PSYoungGen      total 71680K, used 5119K [0x00000000d5f00000, 0x00000000df200000, 0x0000000100000000)
  eden space 66560K, 0% used [0x00000000d5f00000,0x00000000d5f00000,0x00000000da000000)
  from space 5120K, 99% used [0x00000000da000000,0x00000000da4ffc38,0x00000000da500000)
  to   space 8704K, 0% used [0x00000000de980000,0x00000000de980000,0x00000000df200000)
 ParOldGen       total 87552K, used 4654K [0x0000000081c00000, 0x0000000087180000, 0x00000000d5f00000)
  object space 87552K, 5% used [0x0000000081c00000,0x000000008208ba20,0x0000000087180000)
 Metaspace       used 20647K, capacity 21248K, committed 21296K, reserved 1067008K
  class space    used 2678K, capacity 2848K, committed 2864K, reserved 1048576K
Event: 2.053 GC heap after
Heap after GC invocations=6 (full 1):
 PSYoungGen      total 71680K, used 0K [0x00000000d5f00000, 0x00000000df200000, 0x0000000100000000)
  eden space 66560K, 0% used [0x00000000d5f00000,0x00000000d5f00000,0x00000000da000000)
  from space 5120K, 0% used [0x00000000da000000,0x00000000da000000,0x00000000da500000)
  to   space 8704K, 0% used [0x00000000de980000,0x00000000de980000,0x00000000df200000)
 ParOldGen       total 57856K, used 7084K [0x0000000081c00000, 0x0000000085480000, 0x00000000d5f00000)
  object space 57856K, 12% used [0x0000000081c00000,0x00000000822eb140,0x0000000085480000)
 Metaspace       used 20647K, capacity 21248K, committed 21296K, reserved 1067008K
  class space    used 2678K, capacity 2848K, committed 2864K, reserved 1048576K
}
Event: 3.508 GC heap before
{Heap before GC invocations=7 (full 1):
 PSYoungGen      total 71680K, used 66560K [0x00000000d5f00000, 0x00000000df200000, 0x0000000100000000)
  eden space 66560K, 100% used [0x00000000d5f00000,0x00000000da000000,0x00000000da000000)
  from space 5120K, 0% used [0x00000000da000000,0x00000000da000000,0x00000000da500000)
  to   space 8704K, 0% used [0x00000000de980000,0x00000000de980000,0x00000000df200000)
 ParOldGen       total 57856K, used 7084K [0x0000000081c00000, 0x0000000085480000, 0x00000000d5f00000)
  object space 57856K, 12% used [0x0000000081c00000,0x00000000822eb140,0x0000000085480000)
 Metaspace       used 24024K, capacity 24924K, committed 25136K, reserved 1071104K
  class space    used 3107K, capacity 3336K, committed 3376K, reserved 1048576K
Event: 3.519 GC heap after
Heap after GC invocations=7 (full 1):
 PSYoungGen      total 108544K, used 5932K [0x00000000d5f00000, 0x00000000def80000, 0x0000000100000000)
  eden space 102400K, 0% used [0x00000000d5f00000,0x00000000d5f00000,0x00000000dc300000)
  from space 6144K, 96% used [0x00000000de980000,0x00000000def4b0c8,0x00000000def80000)
  to   space 8192K, 0% used [0x00000000ddf80000,0x00000000ddf80000,0x00000000de780000)
 ParOldGen       total 57856K, used 7092K [0x0000000081c00000, 0x0000000085480000, 0x00000000d5f00000)
  object space 57856K, 12% used [0x0000000081c00000,0x00000000822ed140,0x0000000085480000)
 Metaspace       used 24024K, capacity 24924K, committed 25136K, reserved 1071104K
  class space    used 3107K, capacity 3336K, committed 3376K, reserved 1048576K
}
Event: 4.972 GC heap before
{Heap before GC invocations=8 (full 1):
 PSYoungGen      total 108544K, used 108283K [0x00000000d5f00000, 0x00000000def80000, 0x0000000100000000)
  eden space 102400K, 99% used [0x00000000d5f00000,0x00000000dc2f3dd0,0x00000000dc300000)
  from space 6144K, 96% used [0x00000000de980000,0x00000000def4b0c8,0x00000000def80000)
  to   space 8192K, 0% used [0x00000000ddf80000,0x00000000ddf80000,0x00000000de780000)
 ParOldGen       total 57856K, used 7092K [0x0000000081c00000, 0x0000000085480000, 0x00000000d5f00000)
  object space 57856K, 12% used [0x0000000081c00000,0x00000000822ed140,0x0000000085480000)
 Metaspace       used 30192K, capacity 31714K, committed 31920K, reserved 1077248K
  class space    used 3955K, capacity 4219K, committed 4272K, reserved 1048576K
Event: 4.982 GC heap after
Heap after GC invocations=8 (full 1):
 PSYoungGen      total 139776K, used 8170K [0x00000000d5f00000, 0x00000000e0680000, 0x0000000100000000)
  eden space 131584K, 0% used [0x00000000d5f00000,0x00000000d5f00000,0x00000000ddf80000)
  from space 8192K, 99% used [0x00000000ddf80000,0x00000000de77a9d0,0x00000000de780000)
  to   space 9728K, 0% used [0x00000000dfd00000,0x00000000dfd00000,0x00000000e0680000)
 ParOldGen       total 57856K, used 8727K [0x0000000081c00000, 0x0000000085480000, 0x00000000d5f00000)
  object space 57856K, 15% used [0x0000000081c00000,0x0000000082485ed8,0x0000000085480000)
 Metaspace       used 30192K, capacity 31714K, committed 31920K, reserved 1077248K
  class space    used 3955K, capacity 4219K, committed 4272K, reserved 1048576K
}
Event: 5.531 GC heap before
{Heap before GC invocations=9 (full 1):
 PSYoungGen      total 139776K, used 57249K [0x00000000d5f00000, 0x00000000e0680000, 0x0000000100000000)
  eden space 131584K, 37% used [0x00000000d5f00000,0x00000000d8eedde0,0x00000000ddf80000)
  from space 8192K, 99% used [0x00000000ddf80000,0x00000000de77a9d0,0x00000000de780000)
  to   space 9728K, 0% used [0x00000000dfd00000,0x00000000dfd00000,0x00000000e0680000)
 ParOldGen       total 57856K, used 8727K [0x0000000081c00000, 0x0000000085480000, 0x00000000d5f00000)
  object space 57856K, 15% used [0x0000000081c00000,0x0000000082485ed8,0x0000000085480000)
 Metaspace       used 33773K, capacity 35432K, committed 35496K, reserved 1079296K
  class space    used 4459K, capacity 4762K, committed 4784K, reserved 1048576K
Event: 5.540 GC heap after
Heap after GC invocations=9 (full 1):
 PSYoungGen      total 160768K, used 9153K [0x00000000d5f00000, 0x00000000e3180000, 0x0000000100000000)
  eden space 151040K, 0% used [0x00000000d5f00000,0x00000000d5f00000,0x00000000df280000)
  from space 9728K, 94% used [0x00000000dfd00000,0x00000000e05f07a8,0x00000000e0680000)
  to   space 10752K, 0% used [0x00000000df280000,0x00000000df280000,0x00000000dfd00000)
 ParOldGen       total 57856K, used 8735K [0x0000000081c00000, 0x0000000085480000, 0x00000000d5f00000)
  object space 57856K, 15% used [0x0000000081c00000,0x0000000082487ed8,0x0000000085480000)
 Metaspace       used 33773K, capacity 35432K, committed 35496K, reserved 1079296K
  class space    used 4459K, capacity 4762K, committed 4784K, reserved 1048576K
}
Event: 5.541 GC heap before
{Heap before GC invocations=10 (full 2):
 PSYoungGen      total 160768K, used 9153K [0x00000000d5f00000, 0x00000000e3180000, 0x0000000100000000)
  eden space 151040K, 0% used [0x00000000d5f00000,0x00000000d5f00000,0x00000000df280000)
  from space 9728K, 94% used [0x00000000dfd00000,0x00000000e05f07a8,0x00000000e0680000)
  to   space 10752K, 0% used [0x00000000df280000,0x00000000df280000,0x00000000dfd00000)
 ParOldGen       total 57856K, used 8735K [0x0000000081c00000, 0x0000000085480000, 0x00000000d5f00000)
  object space 57856K, 15% used [0x0000000081c00000,0x0000000082487ed8,0x0000000085480000)
 Metaspace       used 33773K, capacity 35432K, committed 35496K, reserved 1079296K
  class space    used 4459K, capacity 4762K, committed 4784K, reserved 1048576K
Event: 5.611 GC heap after
Heap after GC invocations=10 (full 2):
 PSYoungGen      total 160768K, used 0K [0x00000000d5f00000, 0x00000000e3180000, 0x0000000100000000)
  eden space 151040K, 0% used [0x00000000d5f00000,0x00000000d5f00000,0x00000000df280000)
  from space 9728K, 0% used [0x00000000dfd00000,0x00000000dfd00000,0x00000000e0680000)
  to   space 10752K, 0% used [0x00000000df280000,0x00000000df280000,0x00000000dfd00000)
 ParOldGen       total 57856K, used 13322K [0x0000000081c00000, 0x0000000085480000, 0x00000000d5f00000)
  object space 57856K, 23% used [0x0000000081c00000,0x00000000829028b8,0x0000000085480000)
 Metaspace       used 33773K, capacity 35432K, committed 35496K, reserved 1079296K
  class space    used 4459K, capacity 4762K, committed 4784K, reserved 1048576K
}

