# JRE version: Java(TM) SE Runtime Environment (8.0_211-b12) (build 1.8.0_211-b12)
# Java VM: Java HotSpot(TM) 64-Bit Server VM (25.211-b12 mixed mode windows-amd64 compressed oops)
Heap:
 PSYoungGen      total 165376K, used 8044K [0x00000000d5f00000, 0x00000000e3300000, 0x0000000100000000)
  eden space 155136K, 5% used [0x00000000d5f00000,0x00000000d66db0d0,0x00000000df680000)
  from space 10240K, 0% used [0x00000000e0100000,0x00000000e0100000,0x00000000e0b00000)
  to   space 10752K, 0% used [0x00000000df680000,0x00000000df680000,0x00000000e0100000)
 ParOldGen       total 57344K, used 13221K [0x0000000081c00000, 0x0000000085400000, 0x00000000d5f00000)
  object space 57344K, 23% used [0x0000000081c00000,0x00000000828e95c8,0x0000000085400000)
 Metaspace       used 34268K, capacity 35954K, committed 36224K, reserved 1081344K
  class space    used 4564K, capacity 4891K, committed 4992K, reserved 1048576K
GC Heap History (10 events):
Event: 2.084 GC heap before
{Heap before GC invocations=6 (full 1):
 PSYoungGen      total 71680K, used 5117K [0x00000000d5f00000, 0x00000000df200000, 0x0000000100000000)
  eden space 66560K, 0% used [0x00000000d5f00000,0x00000000d5f00000,0x00000000da000000)
  from space 5120K, 99% used [0x00000000da000000,0x00000000da4ff680,0x00000000da500000)
  to   space 8704K, 0% used [0x00000000de980000,0x00000000de980000,0x00000000df200000)
 ParOldGen       total 87552K, used 4677K [0x0000000081c00000, 0x0000000087180000, 0x00000000d5f00000)
  object space 87552K, 5% used [0x0000000081c00000,0x00000000820917e8,0x0000000087180000)
 Metaspace       used 20633K, capacity 21232K, committed 21248K, reserved 1067008K
  class space    used 2663K, capacity 2814K, committed 2816K, reserved 1048576K
Event: 2.125 GC heap after
Heap after GC invocations=6 (full 1):
 PSYoungGen      total 71680K, used 0K [0x00000000d5f00000, 0x00000000df200000, 0x0000000100000000)
  eden space 66560K, 0% used [0x00000000d5f00000,0x00000000d5f00000,0x00000000da000000)
  from space 5120K, 0% used [0x00000000da000000,0x00000000da000000,0x00000000da500000)
  to   space 8704K, 0% used [0x00000000de980000,0x00000000de980000,0x00000000df200000)
 ParOldGen       total 57344K, used 7259K [0x0000000081c00000, 0x0000000085400000, 0x00000000d5f00000)
  object space 57344K, 12% used [0x0000000081c00000,0x0000000082316cb0,0x0000000085400000)
 Metaspace       used 20631K, capacity 21226K, committed 21248K, reserved 1067008K
  class space    used 2662K, capacity 2813K, committed 2816K, reserved 1048576K
}
Event: 3.451 GC heap before
{Heap before GC invocations=7 (full 1):
 PSYoungGen      total 71680K, used 66560K [0x00000000d5f00000, 0x00000000df200000, 0x0000000100000000)
  eden space 66560K, 100% used [0x00000000d5f00000,0x00000000da000000,0x00000000da000000)
  from space 5120K, 0% used [0x00000000da000000,0x00000000da000000,0x00000000da500000)
  to   space 8704K, 0% used [0x00000000de980000,0x00000000de980000,0x00000000df200000)
 ParOldGen       total 57344K, used 7259K [0x0000000081c00000, 0x0000000085400000, 0x00000000d5f00000)
  object space 57344K, 12% used [0x0000000081c00000,0x0000000082316cb0,0x0000000085400000)
 Metaspace       used 23863K, capacity 24776K, committed 24832K, reserved 1071104K
  class space    used 3076K, capacity 3290K, committed 3328K, reserved 1048576K
Event: 3.462 GC heap after
Heap after GC invocations=7 (full 1):
 PSYoungGen      total 109568K, used 5818K [0x00000000d5f00000, 0x00000000def80000, 0x0000000100000000)
  eden space 103424K, 0% used [0x00000000d5f00000,0x00000000d5f00000,0x00000000dc400000)
  from space 6144K, 94% used [0x00000000de980000,0x00000000def2e870,0x00000000def80000)
  to   space 8192K, 0% used [0x00000000ddf80000,0x00000000ddf80000,0x00000000de780000)
 ParOldGen       total 57344K, used 7267K [0x0000000081c00000, 0x0000000085400000, 0x00000000d5f00000)
  object space 57344K, 12% used [0x0000000081c00000,0x0000000082318cb0,0x0000000085400000)
 Metaspace       used 23863K, capacity 24776K, committed 24832K, reserved 1071104K
  class space    used 3076K, capacity 3290K, committed 3328K, reserved 1048576K
}
Event: 4.964 GC heap before
{Heap before GC invocations=8 (full 1):
 PSYoungGen      total 109568K, used 109221K [0x00000000d5f00000, 0x00000000def80000, 0x0000000100000000)
  eden space 103424K, 99% used [0x00000000d5f00000,0x00000000dc3fac20,0x00000000dc400000)
  from space 6144K, 94% used [0x00000000de980000,0x00000000def2e870,0x00000000def80000)
  to   space 8192K, 0% used [0x00000000ddf80000,0x00000000ddf80000,0x00000000de780000)
 ParOldGen       total 57344K, used 7267K [0x0000000081c00000, 0x0000000085400000, 0x00000000d5f00000)
  object space 57344K, 12% used [0x0000000081c00000,0x0000000082318cb0,0x0000000085400000)
 Metaspace       used 30209K, capacity 31722K, committed 31872K, reserved 1077248K
  class space    used 3956K, capacity 4219K, committed 4224K, reserved 1048576K
Event: 4.977 GC heap after
Heap after GC invocations=8 (full 1):
 PSYoungGen      total 139776K, used 8186K [0x00000000d5f00000, 0x00000000e0b00000, 0x0000000100000000)
  eden space 131584K, 0% used [0x00000000d5f00000,0x00000000d5f00000,0x00000000ddf80000)
  from space 8192K, 99% used [0x00000000ddf80000,0x00000000de77e880,0x00000000de780000)
  to   space 10240K, 0% used [0x00000000e0100000,0x00000000e0100000,0x00000000e0b00000)
 ParOldGen       total 57344K, used 9005K [0x0000000081c00000, 0x0000000085400000, 0x00000000d5f00000)
  object space 57344K, 15% used [0x0000000081c00000,0x00000000824cb7c8,0x0000000085400000)
 Metaspace       used 30209K, capacity 31722K, committed 31872K, reserved 1077248K
  class space    used 3956K, capacity 4219K, committed 4224K, reserved 1048576K
}
Event: 5.610 GC heap before
{Heap before GC invocations=9 (full 1):
 PSYoungGen      total 139776K, used 57208K [0x00000000d5f00000, 0x00000000e0b00000, 0x0000000100000000)
  eden space 131584K, 37% used [0x00000000d5f00000,0x00000000d8edf7c8,0x00000000ddf80000)
  from space 8192K, 99% used [0x00000000ddf80000,0x00000000de77e880,0x00000000de780000)
  to   space 10240K, 0% used [0x00000000e0100000,0x00000000e0100000,0x00000000e0b00000)
 ParOldGen       total 57344K, used 9005K [0x0000000081c00000, 0x0000000085400000, 0x00000000d5f00000)
  object space 57344K, 15% used [0x0000000081c00000,0x00000000824cb7c8,0x0000000085400000)
 Metaspace       used 33695K, capacity 35312K, committed 35416K, reserved 1079296K
  class space    used 4447K, capacity 4762K, committed 4864K, reserved 1048576K
Event: 5.619 GC heap after
Heap after GC invocations=9 (full 1):
 PSYoungGen      total 165376K, used 9057K [0x00000000d5f00000, 0x00000000e3300000, 0x0000000100000000)
  eden space 155136K, 0% used [0x00000000d5f00000,0x00000000d5f00000,0x00000000df680000)
  from space 10240K, 88% used [0x00000000e0100000,0x00000000e09d8460,0x00000000e0b00000)
  to   space 10752K, 0% used [0x00000000df680000,0x00000000df680000,0x00000000e0100000)
 ParOldGen       total 57344K, used 9013K [0x0000000081c00000, 0x0000000085400000, 0x00000000d5f00000)
  object space 57344K, 15% used [0x0000000081c00000,0x00000000824cd7c8,0x0000000085400000)
 Metaspace       used 33695K, capacity 35312K, committed 35416K, reserved 1079296K
  class space    used 4447K, capacity 4762K, committed 4864K, reserved 1048576K
}
Event: 5.619 GC heap before
{Heap before GC invocations=10 (full 2):
 PSYoungGen      total 165376K, used 9057K [0x00000000d5f00000, 0x00000000e3300000, 0x0000000100000000)
  eden space 155136K, 0% used [0x00000000d5f00000,0x00000000d5f00000,0x00000000df680000)
  from space 10240K, 88% used [0x00000000e0100000,0x00000000e09d8460,0x00000000e0b00000)
  to   space 10752K, 0% used [0x00000000df680000,0x00000000df680000,0x00000000e0100000)
 ParOldGen       total 57344K, used 9013K [0x0000000081c00000, 0x0000000085400000, 0x00000000d5f00000)
  object space 57344K, 15% used [0x0000000081c00000,0x00000000824cd7c8,0x0000000085400000)
 Metaspace       used 33695K, capacity 35312K, committed 35416K, reserved 1079296K
  class space    used 4447K, capacity 4762K, committed 4864K, reserved 1048576K
Event: 5.684 GC heap after
Heap after GC invocations=10 (full 2):
 PSYoungGen      total 165376K, used 0K [0x00000000d5f00000, 0x00000000e3300000, 0x0000000100000000)
  eden space 155136K, 0% used [0x00000000d5f00000,0x00000000d5f00000,0x00000000df680000)
  from space 10240K, 0% used [0x00000000e0100000,0x00000000e0100000,0x00000000e0b00000)
  to   space 10752K, 0% used [0x00000000df680000,0x00000000df680000,0x00000000e0100000)
 ParOldGen       total 57344K, used 13221K [0x0000000081c00000, 0x0000000085400000, 0x00000000d5f00000)
  object space 57344K, 23% used [0x0000000081c00000,0x00000000828e95c8,0x0000000085400000)
 Metaspace       used 33695K, capacity 35312K, committed 35416K, reserved 1079296K
  class space    used 4447K, capacity 4762K, committed 4864K, reserved 1048576K
}

