# JRE version: Java(TM) SE Runtime Environment (8.0_211-b12) (build 1.8.0_211-b12)
# Java VM: Java HotSpot(TM) 64-Bit Server VM (25.211-b12 mixed mode windows-amd64 compressed oops)
Heap:
 PSYoungGen      total 242688K, used 49352K [0x00000000d5f00000, 0x00000000e5d80000, 0x0000000100000000)
  eden space 227840K, 21% used [0x00000000d5f00000,0x00000000d8f320d0,0x00000000e3d80000)
  from space 14848K, 0% used [0x00000000e4e80000,0x00000000e4e80000,0x00000000e5d00000)
  to   space 16384K, 0% used [0x00000000e3d80000,0x00000000e3d80000,0x00000000e4d80000)
 ParOldGen       total 86016K, used 23858K [0x0000000081c00000, 0x0000000087000000, 0x00000000d5f00000)
  object space 86016K, 27% used [0x0000000081c00000,0x000000008334ca20,0x0000000087000000)
 Metaspace       used 56481K, capacity 59779K, committed 59904K, reserved 1101824K
  class space    used 7890K, capacity 8426K, committed 8448K, reserved 1048576K
GC Heap History (10 events):
Event: 5.999 GC heap before
{Heap before GC invocations=9 (full 1):
 PSYoungGen      total 139264K, used 93990K [0x00000000d5f00000, 0x00000000e2200000, 0x0000000100000000)
  eden space 131584K, 65% used [0x00000000d5f00000,0x00000000db349990,0x00000000ddf80000)
  from space 7680K, 99% used [0x00000000ddf80000,0x00000000de6ffff8,0x00000000de700000)
  to   space 8704K, 0% used [0x00000000e1980000,0x00000000e1980000,0x00000000e2200000)
 ParOldGen       total 55296K, used 6769K [0x0000000081c00000, 0x0000000085200000, 0x00000000d5f00000)
  object space 55296K, 12% used [0x0000000081c00000,0x000000008229c460,0x0000000085200000)
 Metaspace       used 33376K, capacity 35390K, committed 35416K, reserved 1079296K
  class space    used 4476K, capacity 4861K, committed 4864K, reserved 1048576K
Event: 6.013 GC heap after
Heap after GC invocations=9 (full 1):
 PSYoungGen      total 189440K, used 8674K [0x00000000d5f00000, 0x00000000e4000000, 0x0000000100000000)
  eden space 180736K, 0% used [0x00000000d5f00000,0x00000000d5f00000,0x00000000e0f80000)
  from space 8704K, 99% used [0x00000000e1980000,0x00000000e21f8938,0x00000000e2200000)
  to   space 10240K, 0% used [0x00000000e0f80000,0x00000000e0f80000,0x00000000e1980000)
 ParOldGen       total 55296K, used 8117K [0x0000000081c00000, 0x0000000085200000, 0x00000000d5f00000)
  object space 55296K, 14% used [0x0000000081c00000,0x00000000823ed680,0x0000000085200000)
 Metaspace       used 33376K, capacity 35390K, committed 35416K, reserved 1079296K
  class space    used 4476K, capacity 4861K, committed 4864K, reserved 1048576K
}
Event: 6.013 GC heap before
{Heap before GC invocations=10 (full 2):
 PSYoungGen      total 189440K, used 8674K [0x00000000d5f00000, 0x00000000e4000000, 0x0000000100000000)
  eden space 180736K, 0% used [0x00000000d5f00000,0x00000000d5f00000,0x00000000e0f80000)
  from space 8704K, 99% used [0x00000000e1980000,0x00000000e21f8938,0x00000000e2200000)
  to   space 10240K, 0% used [0x00000000e0f80000,0x00000000e0f80000,0x00000000e1980000)
 ParOldGen       total 55296K, used 8117K [0x0000000081c00000, 0x0000000085200000, 0x00000000d5f00000)
  object space 55296K, 14% used [0x0000000081c00000,0x00000000823ed680,0x0000000085200000)
 Metaspace       used 33376K, capacity 35390K, committed 35416K, reserved 1079296K
  class space    used 4476K, capacity 4861K, committed 4864K, reserved 1048576K
Event: 6.097 GC heap after
Heap after GC invocations=10 (full 2):
 PSYoungGen      total 189440K, used 0K [0x00000000d5f00000, 0x00000000e4000000, 0x0000000100000000)
  eden space 180736K, 0% used [0x00000000d5f00000,0x00000000d5f00000,0x00000000e0f80000)
  from space 8704K, 0% used [0x00000000e1980000,0x00000000e1980000,0x00000000e2200000)
  to   space 10240K, 0% used [0x00000000e0f80000,0x00000000e0f80000,0x00000000e1980000)
 ParOldGen       total 86016K, used 14441K [0x0000000081c00000, 0x0000000087000000, 0x00000000d5f00000)
  object space 86016K, 16% used [0x0000000081c00000,0x0000000082a1a470,0x0000000087000000)
 Metaspace       used 33376K, capacity 35390K, committed 35416K, reserved 1079296K
  class space    used 4476K, capacity 4861K, committed 4864K, reserved 1048576K
}
Event: 12.721 GC heap before
{Heap before GC invocations=11 (full 2):
 PSYoungGen      total 189440K, used 180736K [0x00000000d5f00000, 0x00000000e4000000, 0x0000000100000000)
  eden space 180736K, 100% used [0x00000000d5f00000,0x00000000e0f80000,0x00000000e0f80000)
  from space 8704K, 0% used [0x00000000e1980000,0x00000000e1980000,0x00000000e2200000)
  to   space 10240K, 0% used [0x00000000e0f80000,0x00000000e0f80000,0x00000000e1980000)
 ParOldGen       total 86016K, used 14441K [0x0000000081c00000, 0x0000000087000000, 0x00000000d5f00000)
  object space 86016K, 16% used [0x0000000081c00000,0x0000000082a1a470,0x0000000087000000)
 Metaspace       used 50291K, capacity 52606K, committed 53120K, reserved 1095680K
  class space    used 7019K, capacity 7443K, committed 7552K, reserved 1048576K
Event: 12.754 GC heap after
Heap after GC invocations=11 (full 2):
 PSYoungGen      total 190976K, used 10213K [0x00000000d5f00000, 0x00000000e5d00000, 0x0000000100000000)
  eden space 180736K, 0% used [0x00000000d5f00000,0x00000000d5f00000,0x00000000e0f80000)
  from space 10240K, 99% used [0x00000000e0f80000,0x00000000e19794e8,0x00000000e1980000)
  to   space 14848K, 0% used [0x00000000e4e80000,0x00000000e4e80000,0x00000000e5d00000)
 ParOldGen       total 86016K, used 23434K [0x0000000081c00000, 0x0000000087000000, 0x00000000d5f00000)
  object space 86016K, 27% used [0x0000000081c00000,0x00000000832e2898,0x0000000087000000)
 Metaspace       used 50291K, capacity 52606K, committed 53120K, reserved 1095680K
  class space    used 7019K, capacity 7443K, committed 7552K, reserved 1048576K
}
Event: 15.240 GC heap before
{Heap before GC invocations=12 (full 2):
 PSYoungGen      total 190976K, used 108452K [0x00000000d5f00000, 0x00000000e5d00000, 0x0000000100000000)
  eden space 180736K, 54% used [0x00000000d5f00000,0x00000000dbeefd10,0x00000000e0f80000)
  from space 10240K, 99% used [0x00000000e0f80000,0x00000000e19794e8,0x00000000e1980000)
  to   space 14848K, 0% used [0x00000000e4e80000,0x00000000e4e80000,0x00000000e5d00000)
 ParOldGen       total 86016K, used 23434K [0x0000000081c00000, 0x0000000087000000, 0x00000000d5f00000)
  object space 86016K, 27% used [0x0000000081c00000,0x00000000832e2898,0x0000000087000000)
 Metaspace       used 55841K, capacity 58989K, committed 59028K, reserved 1099776K
  class space    used 7754K, capacity 8281K, committed 8320K, reserved 1048576K
Event: 15.266 GC heap after
Heap after GC invocations=12 (full 2):
 PSYoungGen      total 242688K, used 13472K [0x00000000d5f00000, 0x00000000e5d80000, 0x0000000100000000)
  eden space 227840K, 0% used [0x00000000d5f00000,0x00000000d5f00000,0x00000000e3d80000)
  from space 14848K, 90% used [0x00000000e4e80000,0x00000000e5ba8228,0x00000000e5d00000)
  to   space 16384K, 0% used [0x00000000e3d80000,0x00000000e3d80000,0x00000000e4d80000)
 ParOldGen       total 86016K, used 23442K [0x0000000081c00000, 0x0000000087000000, 0x00000000d5f00000)
  object space 86016K, 27% used [0x0000000081c00000,0x00000000832e4898,0x0000000087000000)
 Metaspace       used 55841K, capacity 58989K, committed 59028K, reserved 1099776K
  class space    used 7754K, capacity 8281K, committed 8320K, reserved 1048576K
}
Event: 15.266 GC heap before
{Heap before GC invocations=13 (full 3):
 PSYoungGen      total 242688K, used 13472K [0x00000000d5f00000, 0x00000000e5d80000, 0x0000000100000000)
  eden space 227840K, 0% used [0x00000000d5f00000,0x00000000d5f00000,0x00000000e3d80000)
  from space 14848K, 90% used [0x00000000e4e80000,0x00000000e5ba8228,0x00000000e5d00000)
  to   space 16384K, 0% used [0x00000000e3d80000,0x00000000e3d80000,0x00000000e4d80000)
 ParOldGen       total 86016K, used 23442K [0x0000000081c00000, 0x0000000087000000, 0x00000000d5f00000)
  object space 86016K, 27% used [0x0000000081c00000,0x00000000832e4898,0x0000000087000000)
 Metaspace       used 55841K, capacity 58989K, committed 59028K, reserved 1099776K
  class space    used 7754K, capacity 8281K, committed 8320K, reserved 1048576K
Event: 15.528 GC heap after
Heap after GC invocations=13 (full 3):
 PSYoungGen      total 242688K, used 0K [0x00000000d5f00000, 0x00000000e5d80000, 0x0000000100000000)
  eden space 227840K, 0% used [0x00000000d5f00000,0x00000000d5f00000,0x00000000e3d80000)
  from space 14848K, 0% used [0x00000000e4e80000,0x00000000e4e80000,0x00000000e5d00000)
  to   space 16384K, 0% used [0x00000000e3d80000,0x00000000e3d80000,0x00000000e4d80000)
 ParOldGen       total 86016K, used 23858K [0x0000000081c00000, 0x0000000087000000, 0x00000000d5f00000)
  object space 86016K, 27% used [0x0000000081c00000,0x000000008334ca20,0x0000000087000000)
 Metaspace       used 55841K, capacity 58989K, committed 59028K, reserved 1099776K
  class space    used 7754K, capacity 8281K, committed 8320K, reserved 1048576K
}

