# JRE version: Java(TM) SE Runtime Environment (8.0_211-b12) (build 1.8.0_211-b12)
# Java VM: Java HotSpot(TM) 64-Bit Server VM (25.211-b12 mixed mode windows-amd64 compressed oops)
Heap:
 PSYoungGen      total 167424K, used 62877K [0x00000000d5f00000, 0x00000000e1d00000, 0x0000000100000000)
  eden space 157184K, 33% used [0x00000000d5f00000,0x00000000d9268318,0x00000000df880000)
  from space 10240K, 99% used [0x00000000e1300000,0x00000000e1cff368,0x00000000e1d00000)
  to   space 11776K, 0% used [0x00000000e0600000,0x00000000e0600000,0x00000000e1180000)
 ParOldGen       total 84480K, used 15525K [0x0000000081c00000, 0x0000000086e80000, 0x00000000d5f00000)
  object space 84480K, 18% used [0x0000000081c00000,0x0000000082b29408,0x0000000086e80000)
 Metaspace       used 50171K, capacity 52212K, committed 52648K, reserved 1095680K
  class space    used 6862K, capacity 7230K, committed 7336K, reserved 1048576K
GC Heap History (10 events):
Event: 2.304 GC heap before
{Heap before GC invocations=6 (full 1):
 PSYoungGen      total 71680K, used 66555K [0x00000000d5f00000, 0x00000000daa00000, 0x0000000100000000)
  eden space 66560K, 99% used [0x00000000d5f00000,0x00000000d9ffec08,0x00000000da000000)
  from space 5120K, 0% used [0x00000000da500000,0x00000000da500000,0x00000000daa00000)
  to   space 5120K, 0% used [0x00000000da000000,0x00000000da000000,0x00000000da500000)
 ParOldGen       total 52224K, used 5896K [0x0000000081c00000, 0x0000000084f00000, 0x00000000d5f00000)
  object space 52224K, 11% used [0x0000000081c00000,0x00000000821c2268,0x0000000084f00000)
 Metaspace       used 24354K, capacity 25156K, committed 25216K, reserved 1071104K
  class space    used 3201K, capacity 3400K, committed 3456K, reserved 1048576K
Event: 2.310 GC heap after
Heap after GC invocations=6 (full 1):
 PSYoungGen      total 71680K, used 5016K [0x00000000d5f00000, 0x00000000dda80000, 0x0000000100000000)
  eden space 66560K, 0% used [0x00000000d5f00000,0x00000000d5f00000,0x00000000da000000)
  from space 5120K, 97% used [0x00000000da000000,0x00000000da4e6050,0x00000000da500000)
  to   space 7680K, 0% used [0x00000000dd300000,0x00000000dd300000,0x00000000dda80000)
 ParOldGen       total 52224K, used 5904K [0x0000000081c00000, 0x0000000084f00000, 0x00000000d5f00000)
  object space 52224K, 11% used [0x0000000081c00000,0x00000000821c4268,0x0000000084f00000)
 Metaspace       used 24354K, capacity 25156K, committed 25216K, reserved 1071104K
  class space    used 3201K, capacity 3400K, committed 3456K, reserved 1048576K
}
Event: 2.985 GC heap before
{Heap before GC invocations=7 (full 1):
 PSYoungGen      total 71680K, used 71576K [0x00000000d5f00000, 0x00000000dda80000, 0x0000000100000000)
  eden space 66560K, 100% used [0x00000000d5f00000,0x00000000da000000,0x00000000da000000)
  from space 5120K, 97% used [0x00000000da000000,0x00000000da4e6050,0x00000000da500000)
  to   space 7680K, 0% used [0x00000000dd300000,0x00000000dd300000,0x00000000dda80000)
 ParOldGen       total 52224K, used 5904K [0x0000000081c00000, 0x0000000084f00000, 0x00000000d5f00000)
  object space 52224K, 11% used [0x0000000081c00000,0x00000000821c4268,0x0000000084f00000)
 Metaspace       used 27702K, capacity 28836K, committed 29056K, reserved 1075200K
  class space    used 3631K, capacity 3894K, committed 3968K, reserved 1048576K
Event: 2.995 GC heap after
Heap after GC invocations=7 (full 1):
 PSYoungGen      total 115712K, used 6962K [0x00000000d5f00000, 0x00000000dda00000, 0x0000000100000000)
  eden space 108544K, 0% used [0x00000000d5f00000,0x00000000d5f00000,0x00000000dc900000)
  from space 7168K, 97% used [0x00000000dd300000,0x00000000dd9cc910,0x00000000dda00000)
  to   space 8192K, 0% used [0x00000000dca00000,0x00000000dca00000,0x00000000dd200000)
 ParOldGen       total 52224K, used 5912K [0x0000000081c00000, 0x0000000084f00000, 0x00000000d5f00000)
  object space 52224K, 11% used [0x0000000081c00000,0x00000000821c6268,0x0000000084f00000)
 Metaspace       used 27702K, capacity 28836K, committed 29056K, reserved 1075200K
  class space    used 3631K, capacity 3894K, committed 3968K, reserved 1048576K
}
Event: 4.145 GC heap before
{Heap before GC invocations=8 (full 1):
 PSYoungGen      total 115712K, used 76787K [0x00000000d5f00000, 0x00000000dda00000, 0x0000000100000000)
  eden space 108544K, 64% used [0x00000000d5f00000,0x00000000da3304e0,0x00000000dc900000)
  from space 7168K, 97% used [0x00000000dd300000,0x00000000dd9cc910,0x00000000dda00000)
  to   space 8192K, 0% used [0x00000000dca00000,0x00000000dca00000,0x00000000dd200000)
 ParOldGen       total 52224K, used 5912K [0x0000000081c00000, 0x0000000084f00000, 0x00000000d5f00000)
  object space 52224K, 11% used [0x0000000081c00000,0x00000000821c6268,0x0000000084f00000)
 Metaspace       used 33515K, capacity 35308K, committed 35496K, reserved 1079296K
  class space    used 4430K, capacity 4764K, committed 4776K, reserved 1048576K
Event: 4.165 GC heap after
Heap after GC invocations=8 (full 1):
 PSYoungGen      total 117760K, used 8163K [0x00000000d5f00000, 0x00000000e1d00000, 0x0000000100000000)
  eden space 109568K, 0% used [0x00000000d5f00000,0x00000000d5f00000,0x00000000dca00000)
  from space 8192K, 99% used [0x00000000dca00000,0x00000000dd1f8e88,0x00000000dd200000)
  to   space 10240K, 0% used [0x00000000e1300000,0x00000000e1300000,0x00000000e1d00000)
 ParOldGen       total 52224K, used 8597K [0x0000000081c00000, 0x0000000084f00000, 0x00000000d5f00000)
  object space 52224K, 16% used [0x0000000081c00000,0x0000000082465740,0x0000000084f00000)
 Metaspace       used 33515K, capacity 35308K, committed 35496K, reserved 1079296K
  class space    used 4430K, capacity 4764K, committed 4776K, reserved 1048576K
}
Event: 4.165 GC heap before
{Heap before GC invocations=9 (full 2):
 PSYoungGen      total 117760K, used 8163K [0x00000000d5f00000, 0x00000000e1d00000, 0x0000000100000000)
  eden space 109568K, 0% used [0x00000000d5f00000,0x00000000d5f00000,0x00000000dca00000)
  from space 8192K, 99% used [0x00000000dca00000,0x00000000dd1f8e88,0x00000000dd200000)
  to   space 10240K, 0% used [0x00000000e1300000,0x00000000e1300000,0x00000000e1d00000)
 ParOldGen       total 52224K, used 8597K [0x0000000081c00000, 0x0000000084f00000, 0x00000000d5f00000)
  object space 52224K, 16% used [0x0000000081c00000,0x0000000082465740,0x0000000084f00000)
 Metaspace       used 33515K, capacity 35308K, committed 35496K, reserved 1079296K
  class space    used 4430K, capacity 4764K, committed 4776K, reserved 1048576K
Event: 4.247 GC heap after
Heap after GC invocations=9 (full 2):
 PSYoungGen      total 117760K, used 0K [0x00000000d5f00000, 0x00000000e1d00000, 0x0000000100000000)
  eden space 109568K, 0% used [0x00000000d5f00000,0x00000000d5f00000,0x00000000dca00000)
  from space 8192K, 0% used [0x00000000dca00000,0x00000000dca00000,0x00000000dd200000)
  to   space 10240K, 0% used [0x00000000e1300000,0x00000000e1300000,0x00000000e1d00000)
 ParOldGen       total 84480K, used 14878K [0x0000000081c00000, 0x0000000086e80000, 0x00000000d5f00000)
  object space 84480K, 17% used [0x0000000081c00000,0x0000000082a87a30,0x0000000086e80000)
 Metaspace       used 33515K, capacity 35308K, committed 35496K, reserved 1079296K
  class space    used 4430K, capacity 4764K, committed 4776K, reserved 1048576K
}
Event: 6.322 GC heap before
{Heap before GC invocations=10 (full 2):
 PSYoungGen      total 117760K, used 109568K [0x00000000d5f00000, 0x00000000e1d00000, 0x0000000100000000)
  eden space 109568K, 100% used [0x00000000d5f00000,0x00000000dca00000,0x00000000dca00000)
  from space 8192K, 0% used [0x00000000dca00000,0x00000000dca00000,0x00000000dd200000)
  to   space 10240K, 0% used [0x00000000e1300000,0x00000000e1300000,0x00000000e1d00000)
 ParOldGen       total 84480K, used 14878K [0x0000000081c00000, 0x0000000086e80000, 0x00000000d5f00000)
  object space 84480K, 17% used [0x0000000081c00000,0x0000000082a87a30,0x0000000086e80000)
 Metaspace       used 43254K, capacity 45268K, committed 45480K, reserved 1089536K
  class space    used 5859K, capacity 6236K, committed 6312K, reserved 1048576K
Event: 6.334 GC heap after
Heap after GC invocations=10 (full 2):
 PSYoungGen      total 167424K, used 10236K [0x00000000d5f00000, 0x00000000e1d00000, 0x0000000100000000)
  eden space 157184K, 0% used [0x00000000d5f00000,0x00000000d5f00000,0x00000000df880000)
  from space 10240K, 99% used [0x00000000e1300000,0x00000000e1cff368,0x00000000e1d00000)
  to   space 11776K, 0% used [0x00000000e0600000,0x00000000e0600000,0x00000000e1180000)
 ParOldGen       total 84480K, used 15525K [0x0000000081c00000, 0x0000000086e80000, 0x00000000d5f00000)
  object space 84480K, 18% used [0x0000000081c00000,0x0000000082b29408,0x0000000086e80000)
 Metaspace       used 43254K, capacity 45268K, committed 45480K, reserved 1089536K
  class space    used 5859K, capacity 6236K, committed 6312K, reserved 1048576K
}

